<?xml version="1.0" encoding="UTF-8"?>
<!-- Generated by org.testng.reporters.JUnitXMLReporter -->
<testsuite ignored="0" hostname="SwatiP" failures="1" tests="2" name="Test" time="8.838" errors="0" timestamp="2022-06-25T18:03:50 EDT">
  <testcase classname="ListenerDemo.Testcases" name="ScreenshotTest1" time="0.785"/>
  <testcase classname="ListenerDemo.Testcases" name="ScreenshotTest2" time="0.012">
    <failure type="java.lang.AssertionError" message="expected [Amazon.com. Spend less. Smile] but found [Amazon.com Best Sellers: The most popular items on Amazon]">
      <![CDATA[java.lang.AssertionError: expected [Amazon.com. Spend less. Smile] but found [Amazon.com Best Sellers: The most popular items on Amazon]
at ListenerDemo.Testcases.ScreenshotTest2(Testcases.java:30)
at java.base/java.util.ArrayList.forEach(ArrayList.java:1541)
... Removed 33 stack frames]]>
    </failure>
  </testcase> <!-- ScreenshotTest2 -->
</testsuite> <!-- Test -->
